#
# There is insufficient memory for the Java Runtime Environment to continue.
# Native memory allocation (mmap) failed to map 65536 bytes for Failed to commit metaspace.
# Possible reasons:
#   The system is out of physical RAM or swap space
#   The process is running with CompressedOops enabled, and the Java Heap may be blocking the growth of the native heap
# Possible solutions:
#   Reduce memory load on the system
#   Increase physical memory or swap space
#   Check if swap backing store is full
#   Decrease Java heap size (-Xmx/-Xms)
#   Decrease number of Java threads
#   Decrease Java thread stack sizes (-Xss)
#   Set larger code cache with -XX:ReservedCodeCacheSize=
#   JVM is running with Zero Based Compressed Oops mode in which the Java heap is
#     placed in the first 32GB address space. The Java Heap base address is the
#     maximum limit for the native heap growth. Please use -XX:HeapBaseMinAddress
#     to set the Java Heap base and to place the Java Heap above 32GB virtual address.
# This output file may be truncated or incomplete.
#
#  Out of Memory Error (virtualSpaceNode.cpp:110), pid=29680, tid=25972
#
# JRE version: Java(TM) SE Runtime Environment (17.0+35) (build 17+35-LTS-2724)
# Java VM: Java HotSpot(TM) 64-Bit Server VM (17+35-LTS-2724, mixed mode, emulated-client, sharing, tiered, compressed oops, compressed class ptrs, g1 gc, windows-amd64)
# No core dump will be written. Minidumps are not enabled by default on client versions of Windows
#

---------------  S U M M A R Y ------------

Command Line: -XX:TieredStopAtLevel=1 -Dspring.output.ansi.enabled=always -Dcom.sun.management.jmxremote -Dspring.jmx.enabled=true -Dspring.liveBeansView.mbeanDomain -Dspring.application.admin.enabled=true -javaagent:C:\Users\tailu\AppData\Local\JetBrains\Toolbox\apps\IDEA-U\ch-0\222.4345.14\lib\idea_rt.jar=42684:C:\Users\tailu\AppData\Local\JetBrains\Toolbox\apps\IDEA-U\ch-0\222.4345.14\bin -Dfile.encoding=UTF-8 com.example.sgxdeploymentframeworkbackend.SgxDeploymentFrameworkBackendApplication

Host: AMD Ryzen 7 4800H with Radeon Graphics         , 16 cores, 15G,  Windows 10 , 64 bit Build 19041 (10.0.19041.2788)
Time: Sun May  7 18:13:26 2023 GTB Daylight Time elapsed time: 1.612254 seconds (0d 0h 0m 1s)

---------------  T H R E A D  ---------------

Current thread (0x000001c3b3298c30):  JavaThread "main" [_thread_in_vm, id=25972, stack(0x000000598d600000,0x000000598d700000)]

Stack: [0x000000598d600000,0x000000598d700000]
Native frames: (J=compiled Java code, j=interpreted, Vv=VM code, C=native code)
V  [jvm.dll+0x66f8ea]
V  [jvm.dll+0x7ce224]
V  [jvm.dll+0x7cf9ce]
V  [jvm.dll+0x7d0033]
V  [jvm.dll+0x242bb5]
V  [jvm.dll+0x7ca1cb]
V  [jvm.dll+0x615a46]
V  [jvm.dll+0x1be28e]
V  [jvm.dll+0x618381]
V  [jvm.dll+0x6163e6]
V  [jvm.dll+0x23717f]
V  [jvm.dll+0x620015]
V  [jvm.dll+0x1e7e7b]
V  [jvm.dll+0x1e83b5]
V  [jvm.dll+0x1e8def]
V  [jvm.dll+0x1de2e1]
V  [jvm.dll+0x5375c0]
V  [jvm.dll+0x749598]
V  [jvm.dll+0x749684]
V  [jvm.dll+0x4088c5]
V  [jvm.dll+0x40e918]
C  [java.dll+0x17ec]

Java frames: (J=compiled Java code, j=interpreted, Vv=VM code)
J 1153  java.lang.ClassLoader.defineClass1(Ljava/lang/ClassLoader;Ljava/lang/String;[BIILjava/security/ProtectionDomain;Ljava/lang/String;)Ljava/lang/Class; java.base@17 (0 bytes) @ 0x000001c3bc6f51e3 [0x000001c3bc6f5120+0x00000000000000c3]
J 1180 c1 java.lang.ClassLoader.defineClass(Ljava/lang/String;[BIILjava/security/ProtectionDomain;)Ljava/lang/Class; java.base@17 (43 bytes) @ 0x000001c3bc70356c [0x000001c3bc703460+0x000000000000010c]
J 1166 c1 jdk.internal.loader.BuiltinClassLoader.defineClass(Ljava/lang/String;Ljdk/internal/loader/Resource;)Ljava/lang/Class; java.base@17 (121 bytes) @ 0x000001c3bc6feb6c [0x000001c3bc6fe6a0+0x00000000000004cc]
J 1154 c1 jdk.internal.loader.BuiltinClassLoader.findClassOnClassPathOrNull(Ljava/lang/String;)Ljava/lang/Class; java.base@17 (64 bytes) @ 0x000001c3bc6f5cc4 [0x000001c3bc6f5a00+0x00000000000002c4]
J 977 c1 jdk.internal.loader.BuiltinClassLoader.loadClassOrNull(Ljava/lang/String;Z)Ljava/lang/Class; java.base@17 (143 bytes) @ 0x000001c3bc6a3d04 [0x000001c3bc6a3880+0x0000000000000484]
J 1080 c1 jdk.internal.loader.ClassLoaders$AppClassLoader.loadClass(Ljava/lang/String;Z)Ljava/lang/Class; java.base@17 (40 bytes) @ 0x000001c3bc6d902c [0x000001c3bc6d8ee0+0x000000000000014c]
J 1079 c1 java.lang.ClassLoader.loadClass(Ljava/lang/String;)Ljava/lang/Class; java.base@17 (7 bytes) @ 0x000001c3bc6d8464 [0x000001c3bc6d8420+0x0000000000000044]
v  ~StubRoutines::call_stub
j  org.springframework.util.ConcurrentReferenceHashMap$EntrySet.iterator()Ljava/util/Iterator;+0
j  java.util.AbstractMap$1$1.<init>(Ljava/util/AbstractMap$1;)V+20 java.base@17
j  java.util.AbstractMap$1.iterator()Ljava/util/Iterator;+5 java.base@17
j  java.util.Collection.removeIf(Ljava/util/function/Predicate;)Z+8 java.base@17
j  org.springframework.beans.CachedIntrospectionResults.clearClassLoader(Ljava/lang/ClassLoader;)V+49
j  org.springframework.context.support.AbstractApplicationContext.resetCommonCaches()V+13
j  org.springframework.context.support.AbstractApplicationContext.refresh()V+152
j  org.springframework.boot.web.servlet.context.ServletWebServerApplicationContext.refresh()V+1
j  org.springframework.boot.SpringApplication.refresh(Lorg/springframework/context/ConfigurableApplicationContext;)V+1
j  org.springframework.boot.SpringApplication.refreshContext(Lorg/springframework/context/ConfigurableApplicationContext;)V+16
j  org.springframework.boot.SpringApplication.run([Ljava/lang/String;)Lorg/springframework/context/ConfigurableApplicationContext;+101
j  org.springframework.boot.SpringApplication.run([Ljava/lang/Class;[Ljava/lang/String;)Lorg/springframework/context/ConfigurableApplicationContext;+9
j  org.springframework.boot.SpringApplication.run(Ljava/lang/Class;[Ljava/lang/String;)Lorg/springframework/context/ConfigurableApplicationContext;+9
j  com.example.sgxdeploymentframeworkbackend.SgxDeploymentFrameworkBackendApplication.main([Ljava/lang/String;)V+3
v  ~StubRoutines::call_stub

---------------  P R O C E S S  ---------------

Threads class SMR info:
_java_thread_list=0x000001c3ce367770, length=18, elements={
0x000001c3b3298c30, 0x000001c3ccc02090, 0x000001c3ccc02ab0, 0x000001c3ccc15250,
0x000001c3ccc15ec0, 0x000001c3ccc17880, 0x000001c3ccc18230, 0x000001c3ccc18c90,
0x000001c3ccc2a3e0, 0x000001c3ccd297a0, 0x000001c3ccd2df10, 0x000001c3ccd2e420,
0x000001c3ccd36920, 0x000001c3ccffe630, 0x000001c3cd3b4690, 0x000001c3cd5339a0,
0x000001c3ce0c4130, 0x000001c3ce110da0
}

Java Threads: ( => current thread )
=>0x000001c3b3298c30 JavaThread "main" [_thread_in_vm, id=25972, stack(0x000000598d600000,0x000000598d700000)]
  0x000001c3ccc02090 JavaThread "Reference Handler" daemon [_thread_blocked, id=29504, stack(0x000000598dd00000,0x000000598de00000)]
  0x000001c3ccc02ab0 JavaThread "Finalizer" daemon [_thread_blocked, id=29408, stack(0x000000598de00000,0x000000598df00000)]
  0x000001c3ccc15250 JavaThread "Signal Dispatcher" daemon [_thread_blocked, id=11716, stack(0x000000598df00000,0x000000598e000000)]
  0x000001c3ccc15ec0 JavaThread "Attach Listener" daemon [_thread_blocked, id=8548, stack(0x000000598e000000,0x000000598e100000)]
  0x000001c3ccc17880 JavaThread "Service Thread" daemon [_thread_blocked, id=3684, stack(0x000000598e100000,0x000000598e200000)]
  0x000001c3ccc18230 JavaThread "Monitor Deflation Thread" daemon [_thread_blocked, id=5380, stack(0x000000598e200000,0x000000598e300000)]
  0x000001c3ccc18c90 JavaThread "C1 CompilerThread0" daemon [_thread_blocked, id=24208, stack(0x000000598e300000,0x000000598e400000)]
  0x000001c3ccc2a3e0 JavaThread "Sweeper thread" daemon [_thread_blocked, id=24568, stack(0x000000598e400000,0x000000598e500000)]
  0x000001c3ccd297a0 JavaThread "Common-Cleaner" daemon [_thread_blocked, id=22300, stack(0x000000598e500000,0x000000598e600000)]
  0x000001c3ccd2df10 JavaThread "C1 CompilerThread1" daemon [_thread_blocked, id=28780, stack(0x000000598e600000,0x000000598e700000)]
  0x000001c3ccd2e420 JavaThread "C1 CompilerThread2" daemon [_thread_blocked, id=29120, stack(0x000000598e700000,0x000000598e800000)]
  0x000001c3ccd36920 JavaThread "C1 CompilerThread3" daemon [_thread_blocked, id=28808, stack(0x000000598e800000,0x000000598e900000)]
  0x000001c3ccffe630 JavaThread "Monitor Ctrl-Break" daemon [_thread_in_native, id=28848, stack(0x000000598e900000,0x000000598ea00000)]
  0x000001c3cd3b4690 JavaThread "Notification Thread" daemon [_thread_blocked, id=28764, stack(0x000000598ea00000,0x000000598eb00000)]
  0x000001c3cd5339a0 JavaThread "RMI TCP Accept-0" daemon [_thread_in_native, id=28828, stack(0x000000598eb00000,0x000000598ec00000)]
  0x000001c3ce0c4130 JavaThread "C1 CompilerThread4" daemon [_thread_blocked, id=28924, stack(0x000000598f500000,0x000000598f600000)]
  0x000001c3ce110da0 JavaThread "C1 CompilerThread5" daemon [_thread_blocked, id=28928, stack(0x000000598f600000,0x000000598f700000)]

Other Threads:
  0x000001c3cbeac1f0 VMThread "VM Thread" [stack: 0x000000598dc00000,0x000000598dd00000] [id=29500]
  0x000001c3cd51fe90 WatcherThread [stack: 0x000000598ec00000,0x000000598ed00000] [id=29188]
  0x000001c3b32e80a0 GCTaskThread "GC Thread#0" [stack: 0x000000598d700000,0x000000598d800000] [id=28680]
  0x000001c3cd5ea270 GCTaskThread "GC Thread#1" [stack: 0x000000598ed00000,0x000000598ee00000] [id=28804]
  0x000001c3cd5ea520 GCTaskThread "GC Thread#2" [stack: 0x000000598ee00000,0x000000598ef00000] [id=29084]
  0x000001c3cd7e8070 GCTaskThread "GC Thread#3" [stack: 0x000000598ef00000,0x000000598f000000] [id=29240]
  0x000001c3cd7e8320 GCTaskThread "GC Thread#4" [stack: 0x000000598f000000,0x000000598f100000] [id=29228]
  0x000001c3cd81c0d0 GCTaskThread "GC Thread#5" [stack: 0x000000598f100000,0x000000598f200000] [id=29224]
  0x000001c3cdf57b30 GCTaskThread "GC Thread#6" [stack: 0x000000598f300000,0x000000598f400000] [id=28900]
  0x000001c3cdfa8a30 GCTaskThread "GC Thread#7" [stack: 0x000000598f400000,0x000000598f500000] [id=28916]
  0x000001c3b32fb6d0 ConcurrentGCThread "G1 Main Marker" [stack: 0x000000598d800000,0x000000598d900000] [id=29688]
  0x000001c3b32fc0e0 ConcurrentGCThread "G1 Conc#0" [stack: 0x000000598d900000,0x000000598da00000] [id=29684]
  0x000001c3cbd563f0 ConcurrentGCThread "G1 Refine#0" [stack: 0x000000598da00000,0x000000598db00000] [id=29488]
  0x000001c3b3352330 ConcurrentGCThread "G1 Service" [stack: 0x000000598db00000,0x000000598dc00000] [id=29496]

Threads with active compile tasks:

VM state: not at safepoint (normal execution)

VM Mutex/Monitor currently owned by a thread:  ([mutex/lock_event])
[0x000001c3b3293660] Metaspace_lock - owner thread: 0x000001c3b3298c30

OutOfMemory and StackOverflow Exception counts:
OutOfMemoryError java_heap_errors=1
LinkageErrors=55

Heap address: 0x0000000709400000, size: 3948 MB, Compressed Oops mode: Zero based, Oop shift amount: 3

CDS archive(s) mapped at: [0x0000000800000000-0x0000000800bc0000-0x0000000800bc0000), size 12320768, SharedBaseAddress: 0x0000000800000000, ArchiveRelocationMode: 0.
Compressed class space mapped at: 0x0000000800c00000-0x0000000840c00000, reserved size: 1073741824
Narrow klass base: 0x0000000800000000, Narrow klass shift: 0, Narrow klass range: 0x100000000

GC Precious Log:
 CPUs: 16 total, 16 available
 Memory: 15791M
 Large Page Support: Disabled
 NUMA Support: Disabled
 Compressed Oops: Enabled (Zero based)
 Heap Region Size: 2M
 Heap Min Capacity: 8M
 Heap Initial Capacity: 248M
 Heap Max Capacity: 3948M
 Pre-touch: Disabled
 Parallel Workers: 13
 Concurrent Workers: 3
 Concurrent Refinement Workers: 13
 Periodic GC: Disabled

Heap:
 garbage-first heap   total 253952K, used 56979K [0x0000000709400000, 0x0000000800000000)
  region size 2048K, 27 young (55296K), 2 survivors (4096K)
 Metaspace       used 18640K, committed 18880K, reserved 1073152K
  class space    used 2445K, committed 2560K, reserved 1048576K

Heap Regions: E=young(eden), S=young(survivor), O=old, HS=humongous(starts), HC=humongous(continues), CS=collection set, F=free, OA=open archive, CA=closed archive, TAMS=top-at-mark-start (previous, next)
|   0|0x0000000709400000, 0x0000000709600000, 0x0000000709600000|100%| O|  |TAMS 0x0000000709400000, 0x0000000709400000| Untracked 
|   1|0x0000000709600000, 0x0000000709800000, 0x0000000709800000|100%| O|  |TAMS 0x0000000709600000, 0x0000000709600000| Untracked 
|   2|0x0000000709800000, 0x0000000709a00000, 0x0000000709a00000|100%| O|  |TAMS 0x0000000709800000, 0x0000000709800000| Untracked 
|   3|0x0000000709a00000, 0x0000000709b3f800, 0x0000000709c00000| 62%| O|  |TAMS 0x0000000709a00000, 0x0000000709a00000| Untracked 
|   4|0x0000000709c00000, 0x0000000709c00000, 0x0000000709e00000|  0%| F|  |TAMS 0x0000000709c00000, 0x0000000709c00000| Untracked 
|   5|0x0000000709e00000, 0x0000000709e00000, 0x000000070a000000|  0%| F|  |TAMS 0x0000000709e00000, 0x0000000709e00000| Untracked 
|   6|0x000000070a000000, 0x000000070a000000, 0x000000070a200000|  0%| F|  |TAMS 0x000000070a000000, 0x000000070a000000| Untracked 
|   7|0x000000070a200000, 0x000000070a200000, 0x000000070a400000|  0%| F|  |TAMS 0x000000070a200000, 0x000000070a200000| Untracked 
|   8|0x000000070a400000, 0x000000070a400000, 0x000000070a600000|  0%| F|  |TAMS 0x000000070a400000, 0x000000070a400000| Untracked 
|   9|0x000000070a600000, 0x000000070a600000, 0x000000070a800000|  0%| F|  |TAMS 0x000000070a600000, 0x000000070a600000| Untracked 
|  10|0x000000070a800000, 0x000000070a800000, 0x000000070aa00000|  0%| F|  |TAMS 0x000000070a800000, 0x000000070a800000| Untracked 
|  11|0x000000070aa00000, 0x000000070aa00000, 0x000000070ac00000|  0%| F|  |TAMS 0x000000070aa00000, 0x000000070aa00000| Untracked 
|  12|0x000000070ac00000, 0x000000070ac00000, 0x000000070ae00000|  0%| F|  |TAMS 0x000000070ac00000, 0x000000070ac00000| Untracked 
|  13|0x000000070ae00000, 0x000000070ae00000, 0x000000070b000000|  0%| F|  |TAMS 0x000000070ae00000, 0x000000070ae00000| Untracked 
|  14|0x000000070b000000, 0x000000070b000000, 0x000000070b200000|  0%| F|  |TAMS 0x000000070b000000, 0x000000070b000000| Untracked 
|  15|0x000000070b200000, 0x000000070b200000, 0x000000070b400000|  0%| F|  |TAMS 0x000000070b200000, 0x000000070b200000| Untracked 
|  16|0x000000070b400000, 0x000000070b400000, 0x000000070b600000|  0%| F|  |TAMS 0x000000070b400000, 0x000000070b400000| Untracked 
|  17|0x000000070b600000, 0x000000070b600000, 0x000000070b800000|  0%| F|  |TAMS 0x000000070b600000, 0x000000070b600000| Untracked 
|  18|0x000000070b800000, 0x000000070b800000, 0x000000070ba00000|  0%| F|  |TAMS 0x000000070b800000, 0x000000070b800000| Untracked 
|  19|0x000000070ba00000, 0x000000070ba00000, 0x000000070bc00000|  0%| F|  |TAMS 0x000000070ba00000, 0x000000070ba00000| Untracked 
|  20|0x000000070bc00000, 0x000000070bc00000, 0x000000070be00000|  0%| F|  |TAMS 0x000000070bc00000, 0x000000070bc00000| Untracked 
|  21|0x000000070be00000, 0x000000070be00000, 0x000000070c000000|  0%| F|  |TAMS 0x000000070be00000, 0x000000070be00000| Untracked 
|  22|0x000000070c000000, 0x000000070c000000, 0x000000070c200000|  0%| F|  |TAMS 0x000000070c000000, 0x000000070c000000| Untracked 
|  23|0x000000070c200000, 0x000000070c200000, 0x000000070c400000|  0%| F|  |TAMS 0x000000070c200000, 0x000000070c200000| Untracked 
|  24|0x000000070c400000, 0x000000070c400000, 0x000000070c600000|  0%| F|  |TAMS 0x000000070c400000, 0x000000070c400000| Untracked 
|  25|0x000000070c600000, 0x000000070c600000, 0x000000070c800000|  0%| F|  |TAMS 0x000000070c600000, 0x000000070c600000| Untracked 
|  26|0x000000070c800000, 0x000000070c800000, 0x000000070ca00000|  0%| F|  |TAMS 0x000000070c800000, 0x000000070c800000| Untracked 
|  27|0x000000070ca00000, 0x000000070ca00000, 0x000000070cc00000|  0%| F|  |TAMS 0x000000070ca00000, 0x000000070ca00000| Untracked 
|  28|0x000000070cc00000, 0x000000070cc00000, 0x000000070ce00000|  0%| F|  |TAMS 0x000000070cc00000, 0x000000070cc00000| Untracked 
|  29|0x000000070ce00000, 0x000000070ce00000, 0x000000070d000000|  0%| F|  |TAMS 0x000000070ce00000, 0x000000070ce00000| Untracked 
|  30|0x000000070d000000, 0x000000070d000000, 0x000000070d200000|  0%| F|  |TAMS 0x000000070d000000, 0x000000070d000000| Untracked 
|  31|0x000000070d200000, 0x000000070d200000, 0x000000070d400000|  0%| F|  |TAMS 0x000000070d200000, 0x000000070d200000| Untracked 
|  32|0x000000070d400000, 0x000000070d400000, 0x000000070d600000|  0%| F|  |TAMS 0x000000070d400000, 0x000000070d400000| Untracked 
|  33|0x000000070d600000, 0x000000070d600000, 0x000000070d800000|  0%| F|  |TAMS 0x000000070d600000, 0x000000070d600000| Untracked 
|  34|0x000000070d800000, 0x000000070d800000, 0x000000070da00000|  0%| F|  |TAMS 0x000000070d800000, 0x000000070d800000| Untracked 
|  35|0x000000070da00000, 0x000000070da00000, 0x000000070dc00000|  0%| F|  |TAMS 0x000000070da00000, 0x000000070da00000| Untracked 
|  36|0x000000070dc00000, 0x000000070dc00000, 0x000000070de00000|  0%| F|  |TAMS 0x000000070dc00000, 0x000000070dc00000| Untracked 
|  37|0x000000070de00000, 0x000000070de00000, 0x000000070e000000|  0%| F|  |TAMS 0x000000070de00000, 0x000000070de00000| Untracked 
|  38|0x000000070e000000, 0x000000070e000000, 0x000000070e200000|  0%| F|  |TAMS 0x000000070e000000, 0x000000070e000000| Untracked 
|  39|0x000000070e200000, 0x000000070e200000, 0x000000070e400000|  0%| F|  |TAMS 0x000000070e200000, 0x000000070e200000| Untracked 
|  40|0x000000070e400000, 0x000000070e400000, 0x000000070e600000|  0%| F|  |TAMS 0x000000070e400000, 0x000000070e400000| Untracked 
|  41|0x000000070e600000, 0x000000070e600000, 0x000000070e800000|  0%| F|  |TAMS 0x000000070e600000, 0x000000070e600000| Untracked 
|  42|0x000000070e800000, 0x000000070e800000, 0x000000070ea00000|  0%| F|  |TAMS 0x000000070e800000, 0x000000070e800000| Untracked 
|  43|0x000000070ea00000, 0x000000070ea00000, 0x000000070ec00000|  0%| F|  |TAMS 0x000000070ea00000, 0x000000070ea00000| Untracked 
|  44|0x000000070ec00000, 0x000000070ec00000, 0x000000070ee00000|  0%| F|  |TAMS 0x000000070ec00000, 0x000000070ec00000| Untracked 
|  45|0x000000070ee00000, 0x000000070ee00000, 0x000000070f000000|  0%| F|  |TAMS 0x000000070ee00000, 0x000000070ee00000| Untracked 
|  46|0x000000070f000000, 0x000000070f000000, 0x000000070f200000|  0%| F|  |TAMS 0x000000070f000000, 0x000000070f000000| Untracked 
|  47|0x000000070f200000, 0x000000070f200000, 0x000000070f400000|  0%| F|  |TAMS 0x000000070f200000, 0x000000070f200000| Untracked 
|  48|0x000000070f400000, 0x000000070f400000, 0x000000070f600000|  0%| F|  |TAMS 0x000000070f400000, 0x000000070f400000| Untracked 
|  49|0x000000070f600000, 0x000000070f600000, 0x000000070f800000|  0%| F|  |TAMS 0x000000070f600000, 0x000000070f600000| Untracked 
|  50|0x000000070f800000, 0x000000070f800000, 0x000000070fa00000|  0%| F|  |TAMS 0x000000070f800000, 0x000000070f800000| Untracked 
|  51|0x000000070fa00000, 0x000000070fa00000, 0x000000070fc00000|  0%| F|  |TAMS 0x000000070fa00000, 0x000000070fa00000| Untracked 
|  52|0x000000070fc00000, 0x000000070fc00000, 0x000000070fe00000|  0%| F|  |TAMS 0x000000070fc00000, 0x000000070fc00000| Untracked 
|  53|0x000000070fe00000, 0x000000070fe00000, 0x0000000710000000|  0%| F|  |TAMS 0x000000070fe00000, 0x000000070fe00000| Untracked 
|  54|0x0000000710000000, 0x0000000710000000, 0x0000000710200000|  0%| F|  |TAMS 0x0000000710000000, 0x0000000710000000| Untracked 
|  55|0x0000000710200000, 0x0000000710200000, 0x0000000710400000|  0%| F|  |TAMS 0x0000000710200000, 0x0000000710200000| Untracked 
|  56|0x0000000710400000, 0x0000000710400000, 0x0000000710600000|  0%| F|  |TAMS 0x0000000710400000, 0x0000000710400000| Untracked 
|  57|0x0000000710600000, 0x0000000710600000, 0x0000000710800000|  0%| F|  |TAMS 0x0000000710600000, 0x0000000710600000| Untracked 
|  58|0x0000000710800000, 0x0000000710800000, 0x0000000710a00000|  0%| F|  |TAMS 0x0000000710800000, 0x0000000710800000| Untracked 
|  59|0x0000000710a00000, 0x0000000710a00000, 0x0000000710c00000|  0%| F|  |TAMS 0x0000000710a00000, 0x0000000710a00000| Untracked 
|  60|0x0000000710c00000, 0x0000000710c00000, 0x0000000710e00000|  0%| F|  |TAMS 0x0000000710c00000, 0x0000000710c00000| Untracked 
|  61|0x0000000710e00000, 0x0000000710e00000, 0x0000000711000000|  0%| F|  |TAMS 0x0000000710e00000, 0x0000000710e00000| Untracked 
|  62|0x0000000711000000, 0x0000000711000000, 0x0000000711200000|  0%| F|  |TAMS 0x0000000711000000, 0x0000000711000000| Untracked 
|  63|0x0000000711200000, 0x0000000711200000, 0x0000000711400000|  0%| F|  |TAMS 0x0000000711200000, 0x0000000711200000| Untracked 
|  64|0x0000000711400000, 0x0000000711400000, 0x0000000711600000|  0%| F|  |TAMS 0x0000000711400000, 0x0000000711400000| Untracked 
|  65|0x0000000711600000, 0x0000000711600000, 0x0000000711800000|  0%| F|  |TAMS 0x0000000711600000, 0x0000000711600000| Untracked 
|  66|0x0000000711800000, 0x0000000711800000, 0x0000000711a00000|  0%| F|  |TAMS 0x0000000711800000, 0x0000000711800000| Untracked 
|  67|0x0000000711a00000, 0x0000000711a00000, 0x0000000711c00000|  0%| F|  |TAMS 0x0000000711a00000, 0x0000000711a00000| Untracked 
|  68|0x0000000711c00000, 0x0000000711c00000, 0x0000000711e00000|  0%| F|  |TAMS 0x0000000711c00000, 0x0000000711c00000| Untracked 
|  69|0x0000000711e00000, 0x0000000711e00000, 0x0000000712000000|  0%| F|  |TAMS 0x0000000711e00000, 0x0000000711e00000| Untracked 
|  70|0x0000000712000000, 0x0000000712000000, 0x0000000712200000|  0%| F|  |TAMS 0x0000000712000000, 0x0000000712000000| Untracked 
|  71|0x0000000712200000, 0x0000000712200000, 0x0000000712400000|  0%| F|  |TAMS 0x0000000712200000, 0x0000000712200000| Untracked 
|  72|0x0000000712400000, 0x0000000712400000, 0x0000000712600000|  0%| F|  |TAMS 0x0000000712400000, 0x0000000712400000| Untracked 
|  73|0x0000000712600000, 0x0000000712600000, 0x0000000712800000|  0%| F|  |TAMS 0x0000000712600000, 0x0000000712600000| Untracked 
|  74|0x0000000712800000, 0x0000000712800000, 0x0000000712a00000|  0%| F|  |TAMS 0x0000000712800000, 0x0000000712800000| Untracked 
|  75|0x0000000712a00000, 0x0000000712a00000, 0x0000000712c00000|  0%| F|  |TAMS 0x0000000712a00000, 0x0000000712a00000| Untracked 
|  76|0x0000000712c00000, 0x0000000712c00000, 0x0000000712e00000|  0%| F|  |TAMS 0x0000000712c00000, 0x0000000712c00000| Untracked 
|  77|0x0000000712e00000, 0x0000000712e00000, 0x0000000713000000|  0%| F|  |TAMS 0x0000000712e00000, 0x0000000712e00000| Untracked 
|  78|0x0000000713000000, 0x0000000713000000, 0x0000000713200000|  0%| F|  |TAMS 0x0000000713000000, 0x0000000713000000| Untracked 
|  79|0x0000000713200000, 0x0000000713200000, 0x0000000713400000|  0%| F|  |TAMS 0x0000000713200000, 0x0000000713200000| Untracked 
|  80|0x0000000713400000, 0x0000000713400000, 0x0000000713600000|  0%| F|  |TAMS 0x0000000713400000, 0x0000000713400000| Untracked 
|  81|0x0000000713600000, 0x0000000713600000, 0x0000000713800000|  0%| F|  |TAMS 0x0000000713600000, 0x0000000713600000| Untracked 
|  82|0x0000000713800000, 0x0000000713800000, 0x0000000713a00000|  0%| F|  |TAMS 0x0000000713800000, 0x0000000713800000| Untracked 
|  83|0x0000000713a00000, 0x0000000713a00000, 0x0000000713c00000|  0%| F|  |TAMS 0x0000000713a00000, 0x0000000713a00000| Untracked 
|  84|0x0000000713c00000, 0x0000000713c00000, 0x0000000713e00000|  0%| F|  |TAMS 0x0000000713c00000, 0x0000000713c00000| Untracked 
|  85|0x0000000713e00000, 0x0000000713e00000, 0x0000000714000000|  0%| F|  |TAMS 0x0000000713e00000, 0x0000000713e00000| Untracked 
|  86|0x0000000714000000, 0x0000000714000000, 0x0000000714200000|  0%| F|  |TAMS 0x0000000714000000, 0x0000000714000000| Untracked 
|  87|0x0000000714200000, 0x0000000714200000, 0x0000000714400000|  0%| F|  |TAMS 0x0000000714200000, 0x0000000714200000| Untracked 
|  88|0x0000000714400000, 0x0000000714400000, 0x0000000714600000|  0%| F|  |TAMS 0x0000000714400000, 0x0000000714400000| Untracked 
|  89|0x0000000714600000, 0x0000000714600000, 0x0000000714800000|  0%| F|  |TAMS 0x0000000714600000, 0x0000000714600000| Untracked 
|  90|0x0000000714800000, 0x0000000714800000, 0x0000000714a00000|  0%| F|  |TAMS 0x0000000714800000, 0x0000000714800000| Untracked 
|  91|0x0000000714a00000, 0x0000000714a00000, 0x0000000714c00000|  0%| F|  |TAMS 0x0000000714a00000, 0x0000000714a00000| Untracked 
|  92|0x0000000714c00000, 0x0000000714c00000, 0x0000000714e00000|  0%| F|  |TAMS 0x0000000714c00000, 0x0000000714c00000| Untracked 
|  93|0x0000000714e00000, 0x0000000714e00000, 0x0000000715000000|  0%| F|  |TAMS 0x0000000714e00000, 0x0000000714e00000| Untracked 
|  94|0x0000000715000000, 0x0000000715000000, 0x0000000715200000|  0%| F|  |TAMS 0x0000000715000000, 0x0000000715000000| Untracked 
|  95|0x0000000715200000, 0x0000000715200000, 0x0000000715400000|  0%| F|  |TAMS 0x0000000715200000, 0x0000000715200000| Untracked 
|  96|0x0000000715400000, 0x0000000715400000, 0x0000000715600000|  0%| F|  |TAMS 0x0000000715400000, 0x0000000715400000| Untracked 
|  97|0x0000000715600000, 0x00000007157f1f18, 0x0000000715800000| 97%| E|  |TAMS 0x0000000715600000, 0x0000000715600000| Complete 
|  98|0x0000000715800000, 0x0000000715a00000, 0x0000000715a00000|100%| E|CS|TAMS 0x0000000715800000, 0x0000000715800000| Complete 
|  99|0x0000000715a00000, 0x0000000715c00000, 0x0000000715c00000|100%| E|CS|TAMS 0x0000000715a00000, 0x0000000715a00000| Complete 
| 100|0x0000000715c00000, 0x0000000715e00000, 0x0000000715e00000|100%| E|CS|TAMS 0x0000000715c00000, 0x0000000715c00000| Complete 
| 101|0x0000000715e00000, 0x0000000716000000, 0x0000000716000000|100%| E|CS|TAMS 0x0000000715e00000, 0x0000000715e00000| Complete 
| 102|0x0000000716000000, 0x0000000716200000, 0x0000000716200000|100%| E|CS|TAMS 0x0000000716000000, 0x0000000716000000| Complete 
| 103|0x0000000716200000, 0x0000000716400000, 0x0000000716400000|100%| E|CS|TAMS 0x0000000716200000, 0x0000000716200000| Complete 
| 104|0x0000000716400000, 0x0000000716600000, 0x0000000716600000|100%| E|CS|TAMS 0x0000000716400000, 0x0000000716400000| Complete 
| 105|0x0000000716600000, 0x0000000716800000, 0x0000000716800000|100%| E|CS|TAMS 0x0000000716600000, 0x0000000716600000| Complete 
| 106|0x0000000716800000, 0x0000000716a00000, 0x0000000716a00000|100%| E|CS|TAMS 0x0000000716800000, 0x0000000716800000| Complete 
| 107|0x0000000716a00000, 0x0000000716c00000, 0x0000000716c00000|100%| E|CS|TAMS 0x0000000716a00000, 0x0000000716a00000| Complete 
| 108|0x0000000716c00000, 0x0000000716e00000, 0x0000000716e00000|100%| E|CS|TAMS 0x0000000716c00000, 0x0000000716c00000| Complete 
| 109|0x0000000716e00000, 0x0000000716e65478, 0x0000000717000000| 19%| S|CS|TAMS 0x0000000716e00000, 0x0000000716e00000| Complete 
| 110|0x0000000717000000, 0x0000000717200000, 0x0000000717200000|100%| S|CS|TAMS 0x0000000717000000, 0x0000000717000000| Complete 
| 111|0x0000000717200000, 0x0000000717400000, 0x0000000717400000|100%| E|  |TAMS 0x0000000717200000, 0x0000000717200000| Complete 
| 112|0x0000000717400000, 0x0000000717600000, 0x0000000717600000|100%| E|CS|TAMS 0x0000000717400000, 0x0000000717400000| Complete 
| 113|0x0000000717600000, 0x0000000717800000, 0x0000000717800000|100%| E|CS|TAMS 0x0000000717600000, 0x0000000717600000| Complete 
| 114|0x0000000717800000, 0x0000000717a00000, 0x0000000717a00000|100%| E|CS|TAMS 0x0000000717800000, 0x0000000717800000| Complete 
| 115|0x0000000717a00000, 0x0000000717c00000, 0x0000000717c00000|100%| E|CS|TAMS 0x0000000717a00000, 0x0000000717a00000| Complete 
| 116|0x0000000717c00000, 0x0000000717e00000, 0x0000000717e00000|100%| E|CS|TAMS 0x0000000717c00000, 0x0000000717c00000| Complete 
| 117|0x0000000717e00000, 0x0000000718000000, 0x0000000718000000|100%| E|CS|TAMS 0x0000000717e00000, 0x0000000717e00000| Complete 
| 118|0x0000000718000000, 0x0000000718200000, 0x0000000718200000|100%| E|CS|TAMS 0x0000000718000000, 0x0000000718000000| Complete 
| 119|0x0000000718200000, 0x0000000718400000, 0x0000000718400000|100%| E|CS|TAMS 0x0000000718200000, 0x0000000718200000| Complete 
| 120|0x0000000718400000, 0x0000000718600000, 0x0000000718600000|100%| E|CS|TAMS 0x0000000718400000, 0x0000000718400000| Complete 
| 121|0x0000000718600000, 0x0000000718800000, 0x0000000718800000|100%| E|CS|TAMS 0x0000000718600000, 0x0000000718600000| Complete 
| 122|0x0000000718800000, 0x0000000718a00000, 0x0000000718a00000|100%| E|CS|TAMS 0x0000000718800000, 0x0000000718800000| Complete 
| 123|0x0000000718a00000, 0x0000000718c00000, 0x0000000718c00000|100%| E|CS|TAMS 0x0000000718a00000, 0x0000000718a00000| Complete 

Card table byte_map: [0x000001c3c0890000,0x000001c3c1050000] _byte_map_base: 0x000001c3bd046000

Marking Bits (Prev, Next): (CMBitMap*) 0x000001c3b32e96c0, (CMBitMap*) 0x000001c3b32e9700
 Prev Bits: [0x000001c3c1810000, 0x000001c3c55c0000)
 Next Bits: [0x000001c3c55c0000, 0x000001c3c9370000)

Polling page: 0x000001c3b3060000

Metaspace:

Usage:
  Non-class:     15.82 MB used.
      Class:      2.39 MB used.
       Both:     18.20 MB used.

Virtual space:
  Non-class space:       24.00 MB reserved,      15.94 MB ( 66%) committed,  3 nodes.
      Class space:        1.00 GB reserved,       2.50 MB ( <1%) committed,  1 nodes.
             Both:        1.02 GB reserved,      18.44 MB (  2%) committed. 

Chunk freelists:
   Non-Class:  3.23 MB
       Class:  1.44 MB
        Both:  4.67 MB

MaxMetaspaceSize: unlimited
CompressedClassSpaceSize: 1.00 GB
Initial GC threshold: 21.00 MB
Current GC threshold: 21.00 MB
CDS: on
MetaspaceReclaimPolicy: balanced
 - commit_granule_bytes: 65536.
 - commit_granule_words: 8192.
 - virtual_space_node_default_size: 1048576.
 - enlarge_chunks_in_place: 1.
 - new_chunks_are_fully_committed: 0.
 - uncommit_free_chunks: 1.
 - use_allocation_guard: 0.
 - handle_deallocations: 1.


Internal statistics:

num_allocs_failed_limit: 0.
num_arena_births: 230.
num_arena_deaths: 0.
num_vsnodes_births: 4.
num_vsnodes_deaths: 0.
num_space_committed: 295.
num_space_uncommitted: 0.
num_chunks_returned_to_freelist: 0.
num_chunks_taken_from_freelist: 786.
num_chunk_merges: 0.
num_chunk_splits: 553.
num_chunks_enlarged: 440.
num_purges: 0.
num_inconsistent_stats: 0.

CodeCache: size=49152Kb used=7987Kb max_used=7987Kb free=41165Kb
 bounds [0x000001c3bc290000, 0x000001c3bca60000, 0x000001c3bf290000]
 total_blobs=3082 nmethods=2580 adapters=423
 compilation: enabled
              stopped_count=0, restarted_count=0
 full_count=0

Compilation events (20 events):
Event: 1.584 Thread 0x000001c3ccc18c90 2572       1       org.springframework.context.annotation.AnnotationConfigUtils::attributesFor (11 bytes)
Event: 1.585 Thread 0x000001c3ccd36920 2573       1       org.springframework.context.annotation.AnnotationConfigUtils::attributesFor (9 bytes)
Event: 1.585 Thread 0x000001c3ce110da0 2574       1       org.springframework.util.Assert::hasText (17 bytes)
Event: 1.585 Thread 0x000001c3ccc18c90 nmethod 2572 0x000001c3bca58690 code [0x000001c3bca58840, 0x000001c3bca58b18]
Event: 1.585 Thread 0x000001c3ccd2df10 nmethod 2571 0x000001c3bca58c10 code [0x000001c3bca58dc0, 0x000001c3bca590c8]
Event: 1.585 Thread 0x000001c3ccd36920 nmethod 2573 0x000001c3bca59190 code [0x000001c3bca59360, 0x000001c3bca59688]
Event: 1.585 Thread 0x000001c3ccd36920 2575       1       java.util.ArrayList::toArray (12 bytes)
Event: 1.585 Thread 0x000001c3ce110da0 nmethod 2574 0x000001c3bca59810 code [0x000001c3bca599c0, 0x000001c3bca59b78]
Event: 1.585 Thread 0x000001c3ccd36920 nmethod 2575 0x000001c3bca59c90 code [0x000001c3bca59e20, 0x000001c3bca59f28]
Event: 1.585 Thread 0x000001c3ccd2e420 nmethod 2570 0x000001c3bca5a010 code [0x000001c3bca5a300, 0x000001c3bca5ad18]
Event: 1.585 Thread 0x000001c3ce110da0 2576       1       sun.reflect.annotation.AnnotationParser::parseStringArray (85 bytes)
Event: 1.586 Thread 0x000001c3ce110da0 nmethod 2576 0x000001c3bca5b290 code [0x000001c3bca5b480, 0x000001c3bca5b868]
Event: 1.588 Thread 0x000001c3ccd36920 2577       1       java.util.stream.Collectors$$Lambda$201/0x0000000800caa538::accept (11 bytes)
Event: 1.588 Thread 0x000001c3ccd36920 nmethod 2577 0x000001c3bca5ba90 code [0x000001c3bca5bc20, 0x000001c3bca5bd68]
Event: 1.591 Thread 0x000001c3ccd2df10 2578       1       org.springframework.beans.factory.support.RootBeanDefinition::getDecoratedDefinition (5 bytes)
Event: 1.591 Thread 0x000001c3ccd2df10 nmethod 2578 0x000001c3bca5be10 code [0x000001c3bca5bfa0, 0x000001c3bca5c078]
Event: 1.609 Thread 0x000001c3ccc18c90 2579       1       java.lang.AbstractStringBuilder::setLength (66 bytes)
Event: 1.609 Thread 0x000001c3ccd2df10 2580       1       java.lang.invoke.LambdaForm$DMH/0x0000000800d1c000::invokeStatic (31 bytes)
Event: 1.609 Thread 0x000001c3ccc18c90 nmethod 2579 0x000001c3bca5c110 code [0x000001c3bca5c2e0, 0x000001c3bca5c5f8]
Event: 1.609 Thread 0x000001c3ccd2df10 nmethod 2580 0x000001c3bca5c890 code [0x000001c3bca5ca40, 0x000001c3bca5cb38]

GC Heap History (4 events):
Event: 0.647 GC heap before
{Heap before GC invocations=0 (full 0):
 garbage-first heap   total 253952K, used 20480K [0x0000000709400000, 0x0000000800000000)
  region size 2048K, 11 young (22528K), 0 survivors (0K)
 Metaspace       used 5304K, committed 5568K, reserved 1056768K
  class space    used 638K, committed 768K, reserved 1048576K
}
Event: 0.651 GC heap after
{Heap after GC invocations=1 (full 0):
 garbage-first heap   total 253952K, used 7136K [0x0000000709400000, 0x0000000800000000)
  region size 2048K, 2 young (4096K), 2 survivors (4096K)
 Metaspace       used 5304K, committed 5568K, reserved 1056768K
  class space    used 638K, committed 768K, reserved 1048576K
}
Event: 1.100 GC heap before
{Heap before GC invocations=1 (full 0):
 garbage-first heap   total 253952K, used 29664K [0x0000000709400000, 0x0000000800000000)
  region size 2048K, 13 young (26624K), 2 survivors (4096K)
 Metaspace       used 9970K, committed 10304K, reserved 1064960K
  class space    used 1369K, committed 1536K, reserved 1048576K
}
Event: 1.105 GC heap after
{Heap after GC invocations=2 (full 0):
 garbage-first heap   total 253952K, used 9875K [0x0000000709400000, 0x0000000800000000)
  region size 2048K, 2 young (4096K), 2 survivors (4096K)
 Metaspace       used 9970K, committed 10304K, reserved 1064960K
  class space    used 1369K, committed 1536K, reserved 1048576K
}

Deoptimization events (6 events):
Event: 0.197 Thread 0x000001c3b3298c30 DEOPT PACKING pc=0x000001c3bc58ae2d sp=0x000000598d6fe010
Event: 0.197 Thread 0x000001c3b3298c30 DEOPT UNPACKING pc=0x000001c3bc2e2b43 sp=0x000000598d6fd570 mode 3
Event: 0.749 Thread 0x000001c3b3298c30 DEOPT PACKING pc=0x000001c3bc613681 sp=0x000000598d6fd6a0
Event: 0.749 Thread 0x000001c3b3298c30 DEOPT UNPACKING pc=0x000001c3bc2e2b43 sp=0x000000598d6fcaf8 mode 3
Event: 1.193 Thread 0x000001c3b3298c30 DEOPT PACKING pc=0x000001c3bc945679 sp=0x000000598d6fd2c0
Event: 1.193 Thread 0x000001c3b3298c30 DEOPT UNPACKING pc=0x000001c3bc2e2b43 sp=0x000000598d6fc7a0 mode 3

Classes unloaded (0 events):
No events

Classes redefined (0 events):
No events

Internal exceptions (20 events):
Event: 1.044 Thread 0x000001c3b3298c30 Exception <a 'java/lang/NoSuchMethodError'{0x0000000717921a58}: 'java.lang.Object java.lang.invoke.DirectMethodHandle$Holder.newInvokeSpecial(java.lang.Object, java.lang.Object, long)'> (0x0000000717921a58) 
thrown [t:\workspace\open\src\hotspot\share\interpreter\linkResolver.cpp, line 766]
Event: 1.044 Thread 0x000001c3b3298c30 Exception <a 'java/lang/NoSuchMethodError'{0x00000007179255c8}: 'java.lang.Object java.lang.invoke.Invokers$Holder.linkToTargetMethod(java.lang.Object, long, java.lang.Object)'> (0x00000007179255c8) 
thrown [t:\workspace\open\src\hotspot\share\interpreter\linkResolver.cpp, line 766]
Event: 1.050 Thread 0x000001c3b3298c30 Exception <a 'java/lang/NoSuchMethodError'{0x0000000717967028}: 'void java.lang.invoke.DirectMethodHandle$Holder.invokeVirtual(java.lang.Object, java.lang.Object, java.lang.Object, java.lang.Object)'> (0x0000000717967028) 
thrown [t:\workspace\open\src\hotspot\share\interpreter\linkResolver.cpp, line 766]
Event: 1.080 Thread 0x000001c3b3298c30 Exception <a 'java/lang/NoSuchMethodError'{0x00000007176b0bb8}: 'void java.lang.invoke.DirectMethodHandle$Holder.invokeSpecial(java.lang.Object, java.lang.Object, java.lang.Object)'> (0x00000007176b0bb8) 
thrown [t:\workspace\open\src\hotspot\share\interpreter\linkResolver.cpp, line 766]
Event: 1.081 Thread 0x000001c3b3298c30 Exception <a 'java/lang/NoSuchMethodError'{0x00000007176b7190}: 'void java.lang.invoke.DirectMethodHandle$Holder.invokeSpecial(java.lang.Object, java.lang.Object, java.lang.Object, java.lang.Object, java.lang.Object)'> (0x00000007176b7190) 
thrown [t:\workspace\open\src\hotspot\share\interpreter\linkResolver.cpp, line 766]
Event: 1.087 Thread 0x000001c3cdf1dc60 Exception <a 'java/lang/NoClassDefFoundError'{0x00000007177542b0}: jakarta/validation/Validation> (0x00000007177542b0) 
thrown [t:\workspace\open\src\hotspot\share\classfile\systemDictionary.cpp, line 245]
Event: 1.087 Thread 0x000001c3b3298c30 Exception <a 'java/lang/IncompatibleClassChangeError'{0x00000007176fdc48}: Found class java.lang.Object, but interface was expected> (0x00000007176fdc48) 
thrown [t:\workspace\open\src\hotspot\share\interpreter\linkResolver.cpp, line 833]
Event: 1.165 Thread 0x000001c3b3298c30 Exception <a 'java/lang/NoSuchMethodError'{0x00000007182f9648}: 'java.lang.Object java.lang.invoke.DirectMethodHandle$Holder.invokeStatic(java.lang.Object, int, java.lang.Object)'> (0x00000007182f9648) 
thrown [t:\workspace\open\src\hotspot\share\interpreter\linkResolver.cpp, line 766]
Event: 1.267 Thread 0x000001c3b3298c30 Exception <a 'java/lang/NoSuchMethodError'{0x0000000717793d20}: 'int java.lang.invoke.DirectMethodHandle$Holder.invokeSpecial(java.lang.Object, java.lang.Object, java.lang.Object, java.lang.Object, java.lang.Object)'> (0x0000000717793d20) 
thrown [t:\workspace\open\src\hotspot\share\interpreter\linkResolver.cpp, line 766]
Event: 1.268 Thread 0x000001c3b3298c30 Exception <a 'java/lang/NoSuchMethodError'{0x000000071779cb88}: 'void java.lang.invoke.DirectMethodHandle$Holder.invokeVirtual(java.lang.Object, java.lang.Object)'> (0x000000071779cb88) 
thrown [t:\workspace\open\src\hotspot\share\interpreter\linkResolver.cpp, line 766]
Event: 1.328 Thread 0x000001c3cdf1dc60 Exception <a 'java/lang/NoSuchMethodError'{0x0000000716bb7b48}: 'long java.lang.invoke.DirectMethodHandle$Holder.invokeSpecial(java.lang.Object, java.lang.Object)'> (0x0000000716bb7b48) 
thrown [t:\workspace\open\src\hotspot\share\interpreter\linkResolver.cpp, line 766]
Event: 1.329 Thread 0x000001c3cdf1dc60 Exception <a 'java/lang/NoSuchMethodError'{0x0000000716bc2d70}: 'long java.lang.invoke.DirectMethodHandle$Holder.invokeStatic(java.lang.Object, java.lang.Object)'> (0x0000000716bc2d70) 
thrown [t:\workspace\open\src\hotspot\share\interpreter\linkResolver.cpp, line 766]
Event: 1.329 Thread 0x000001c3cdf1dc60 Exception <a 'java/lang/NoSuchMethodError'{0x0000000716bc6370}: 'long java.lang.invoke.DirectMethodHandle$Holder.invokeStaticInit(java.lang.Object, java.lang.Object)'> (0x0000000716bc6370) 
thrown [t:\workspace\open\src\hotspot\share\interpreter\linkResolver.cpp, line 766]
Event: 1.330 Thread 0x000001c3cdf1dc60 Exception <a 'java/lang/NoSuchMethodError'{0x0000000716bd3f18}: 'long java.lang.invoke.DirectMethodHandle$Holder.invokeInterface(java.lang.Object, java.lang.Object)'> (0x0000000716bd3f18) 
thrown [t:\workspace\open\src\hotspot\share\interpreter\linkResolver.cpp, line 766]
Event: 1.330 Thread 0x000001c3cdf1dc60 Exception <a 'java/lang/IncompatibleClassChangeError'{0x0000000716bd74c0}: Found class java.lang.Object, but interface was expected> (0x0000000716bd74c0) 
thrown [t:\workspace\open\src\hotspot\share\interpreter\linkResolver.cpp, line 833]
Event: 1.341 Thread 0x000001c3cdf1dc60 Exception <a 'java/lang/NoSuchMethodError'{0x0000000716849528}: 'java.lang.Object java.lang.invoke.DirectMethodHandle$Holder.invokeVirtual(java.lang.Object, java.lang.Object, java.lang.Object, java.lang.Object)'> (0x0000000716849528) 
thrown [t:\workspace\open\src\hotspot\share\interpreter\linkResolver.cpp, line 766]
Event: 1.352 Thread 0x000001c3cdf1dc60 Exception <a 'java/lang/NoSuchMethodError'{0x00000007168fd8d0}: 'java.lang.Object java.lang.invoke.DirectMethodHandle$Holder.invokeStaticInit(java.lang.Object, java.lang.Object, java.lang.Object, java.lang.Object, java.lang.Object)'> (0x00000007168fd8d0) 
thrown [t:\workspace\open\src\hotspot\share\interpreter\linkResolver.cpp, line 766]
Event: 1.439 Thread 0x000001c3b3298c30 Exception <a 'java/lang/IncompatibleClassChangeError'{0x00000007160be3d0}: Found class java.lang.Object, but interface was expected> (0x00000007160be3d0) 
thrown [t:\workspace\open\src\hotspot\share\interpreter\linkResolver.cpp, line 833]
Event: 1.458 Thread 0x000001c3b3298c30 Exception <a 'java/lang/NoSuchMethodError'{0x00000007161df718}: 'void java.lang.invoke.DirectMethodHandle$Holder.invokeInterface(java.lang.Object, java.lang.Object, java.lang.Object, java.lang.Object)'> (0x00000007161df718) 
thrown [t:\workspace\open\src\hotspot\share\interpreter\linkResolver.cpp, line 766]
Event: 1.608 Thread 0x000001c3b3298c30 Exception <a 'java/lang/OutOfMemoryError'{0x0000000715788470}> (0x0000000715788470) 
thrown [t:\workspace\open\src\hotspot\share\prims\jni.cpp, line 535]

VM Operations (20 events):
Event: 0.837 Executing VM operation: HandshakeAllThreads
Event: 0.837 Executing VM operation: HandshakeAllThreads done
Event: 0.976 Executing VM operation: HandshakeAllThreads
Event: 0.976 Executing VM operation: HandshakeAllThreads done
Event: 1.051 Executing VM operation: ICBufferFull
Event: 1.051 Executing VM operation: ICBufferFull done
Event: 1.075 Executing VM operation: HandshakeAllThreads
Event: 1.075 Executing VM operation: HandshakeAllThreads done
Event: 1.078 Executing VM operation: HandshakeAllThreads
Event: 1.078 Executing VM operation: HandshakeAllThreads done
Event: 1.099 Executing VM operation: G1CollectForAllocation
Event: 1.105 Executing VM operation: G1CollectForAllocation done
Event: 1.227 Executing VM operation: HandshakeAllThreads
Event: 1.227 Executing VM operation: HandshakeAllThreads done
Event: 1.249 Executing VM operation: HandshakeAllThreads
Event: 1.249 Executing VM operation: HandshakeAllThreads done
Event: 1.258 Executing VM operation: HandshakeAllThreads
Event: 1.258 Executing VM operation: HandshakeAllThreads done
Event: 1.549 Executing VM operation: ICBufferFull
Event: 1.550 Executing VM operation: ICBufferFull done

Events (20 events):
Event: 1.459 loading class sun/util/locale/provider/TimeZoneNameProviderImpl done
Event: 1.459 loading class sun/util/cldr/CLDRTimeZoneNameProviderImpl done
Event: 1.459 loading class sun/util/locale/provider/BaseLocaleDataMetaInfo
Event: 1.460 loading class sun/util/locale/provider/BaseLocaleDataMetaInfo done
Event: 1.461 loading class sun/util/resources/cldr/TimeZoneNames
Event: 1.461 loading class sun/util/resources/TimeZoneNamesBundle
Event: 1.462 loading class sun/util/resources/OpenListResourceBundle
Event: 1.462 loading class sun/util/resources/OpenListResourceBundle done
Event: 1.462 loading class sun/util/resources/TimeZoneNamesBundle done
Event: 1.462 loading class sun/util/resources/cldr/TimeZoneNames done
Event: 1.462 loading class sun/util/resources/cldr/TimeZoneNames_en
Event: 1.463 loading class sun/util/resources/cldr/TimeZoneNames_en done
Event: 1.463 loading class sun/util/resources/cldr/TimeZoneNames_en_US
Event: 1.463 loading class sun/util/resources/cldr/TimeZoneNames_en_US done
Event: 1.464 loading class sun/util/resources/TimeZoneNames
Event: 1.465 loading class sun/util/resources/TimeZoneNames done
Event: 1.465 loading class sun/util/resources/TimeZoneNames_en
Event: 1.465 loading class sun/util/resources/TimeZoneNames_en done
Event: 1.522 loading class java/nio/charset/CharacterCodingException
Event: 1.523 loading class java/nio/charset/CharacterCodingException done


Dynamic libraries:
0x00007ff63da70000 - 0x00007ff63da80000 	C:\Program Files\Java\jdk-17\bin\java.exe
0x00007ffbd9ed0000 - 0x00007ffbda0c8000 	C:\Windows\SYSTEM32\ntdll.dll
0x00007ffbd90d0000 - 0x00007ffbd918f000 	C:\Windows\System32\KERNEL32.DLL
0x00007ffbd7610000 - 0x00007ffbd78ea000 	C:\Windows\System32\KERNELBASE.dll
0x00007ffbd7c40000 - 0x00007ffbd7d40000 	C:\Windows\System32\ucrtbase.dll
0x00007ffb99db0000 - 0x00007ffb99dca000 	C:\Program Files\Java\jdk-17\bin\VCRUNTIME140.dll
0x00007ffb9e8f0000 - 0x00007ffb9e908000 	C:\Program Files\Java\jdk-17\bin\jli.dll
0x00007ffbd9ae0000 - 0x00007ffbd9b8e000 	C:\Windows\System32\ADVAPI32.dll
0x00007ffbd89e0000 - 0x00007ffbd8a7e000 	C:\Windows\System32\msvcrt.dll
0x00007ffbd9690000 - 0x00007ffbd972c000 	C:\Windows\System32\sechost.dll
0x00007ffbd8840000 - 0x00007ffbd8966000 	C:\Windows\System32\RPCRT4.dll
0x00007ffbd94f0000 - 0x00007ffbd968d000 	C:\Windows\System32\USER32.dll
0x00007ffbb9490000 - 0x00007ffbb972a000 	C:\Windows\WinSxS\amd64_microsoft.windows.common-controls_6595b64144ccf1df_6.0.19041.1110_none_60b5254171f9507e\COMCTL32.dll
0x00007ffbd75e0000 - 0x00007ffbd7602000 	C:\Windows\System32\win32u.dll
0x00007ffbd9db0000 - 0x00007ffbd9ddb000 	C:\Windows\System32\GDI32.dll
0x00007ffbd78f0000 - 0x00007ffbd7a00000 	C:\Windows\System32\gdi32full.dll
0x00007ffbd7ac0000 - 0x00007ffbd7b5d000 	C:\Windows\System32\msvcp_win.dll
0x00007ffbccbc0000 - 0x00007ffbccbca000 	C:\Windows\SYSTEM32\VERSION.dll
0x00007ffbd7f30000 - 0x00007ffbd7f60000 	C:\Windows\System32\IMM32.DLL
0x00007ffba17e0000 - 0x00007ffba17ec000 	C:\Program Files\Java\jdk-17\bin\vcruntime140_1.dll
0x00007ffb95d70000 - 0x00007ffb95dfd000 	C:\Program Files\Java\jdk-17\bin\msvcp140.dll
0x00007ffb5c880000 - 0x00007ffb5d43e000 	C:\Program Files\Java\jdk-17\bin\server\jvm.dll
0x00007ffbd89d0000 - 0x00007ffbd89d8000 	C:\Windows\System32\PSAPI.DLL
0x00007ffbd2c40000 - 0x00007ffbd2c49000 	C:\Windows\SYSTEM32\WSOCK32.dll
0x00007ffbd9d40000 - 0x00007ffbd9dab000 	C:\Windows\System32\WS2_32.dll
0x00007ffbcf0d0000 - 0x00007ffbcf0f7000 	C:\Windows\SYSTEM32\WINMM.dll
0x00007ffbd5df0000 - 0x00007ffbd5e02000 	C:\Windows\SYSTEM32\kernel.appcore.dll
0x00007ffba1090000 - 0x00007ffba109a000 	C:\Program Files\Java\jdk-17\bin\jimage.dll
0x00007ffbd5260000 - 0x00007ffbd5444000 	C:\Windows\SYSTEM32\DBGHELP.DLL
0x00007ffbc3d80000 - 0x00007ffbc3db4000 	C:\Windows\SYSTEM32\dbgcore.DLL
0x00007ffbd7ea0000 - 0x00007ffbd7f22000 	C:\Windows\System32\bcryptPrimitives.dll
0x00007ffbb7290000 - 0x00007ffbb729e000 	C:\Program Files\Java\jdk-17\bin\instrument.dll
0x00007ffb995d0000 - 0x00007ffb995f5000 	C:\Program Files\Java\jdk-17\bin\java.dll
0x00007ffb93a60000 - 0x00007ffb93b36000 	C:\Program Files\Java\jdk-17\bin\svml.dll
0x00007ffbd7fc0000 - 0x00007ffbd8704000 	C:\Windows\System32\SHELL32.dll
0x00007ffbd5640000 - 0x00007ffbd5dd3000 	C:\Windows\SYSTEM32\windows.storage.dll
0x00007ffbd9190000 - 0x00007ffbd94e4000 	C:\Windows\System32\combase.dll
0x00007ffbd6e80000 - 0x00007ffbd6eae000 	C:\Windows\SYSTEM32\Wldp.dll
0x00007ffbd9a30000 - 0x00007ffbd9add000 	C:\Windows\System32\SHCORE.dll
0x00007ffbd9070000 - 0x00007ffbd90c5000 	C:\Windows\System32\shlwapi.dll
0x00007ffbd7520000 - 0x00007ffbd753f000 	C:\Windows\SYSTEM32\profapi.dll
0x00007ffb98790000 - 0x00007ffb987a8000 	C:\Program Files\Java\jdk-17\bin\zip.dll
0x00007ffb989f0000 - 0x00007ffb98a09000 	C:\Program Files\Java\jdk-17\bin\net.dll
0x00007ffbd1dd0000 - 0x00007ffbd1eda000 	C:\Windows\SYSTEM32\WINHTTP.dll
0x00007ffbd6c60000 - 0x00007ffbd6cca000 	C:\Windows\system32\mswsock.dll
0x00007ffb989a0000 - 0x00007ffb989b5000 	C:\Program Files\Java\jdk-17\bin\nio.dll
0x00007ffb5ea40000 - 0x00007ffb5ea5a000 	C:\Users\tailu\AppData\Local\JetBrains\Toolbox\apps\IDEA-U\ch-0\222.4345.14\bin\breakgen64.dll
0x00007ffbd69b0000 - 0x00007ffbd6a7b000 	C:\Windows\SYSTEM32\DNSAPI.dll
0x00007ffbd6970000 - 0x00007ffbd69ac000 	C:\Windows\SYSTEM32\IPHLPAPI.DLL
0x00007ffbd9060000 - 0x00007ffbd9068000 	C:\Windows\System32\NSI.dll
0x00007ffbce9a0000 - 0x00007ffbce9aa000 	C:\Windows\System32\rasadhlp.dll
0x00007ffbcd520000 - 0x00007ffbcd5a0000 	C:\Windows\System32\fwpuclnt.dll
0x00007ffbd7b60000 - 0x00007ffbd7b87000 	C:\Windows\System32\bcrypt.dll
0x00007ffbb72c0000 - 0x00007ffbb72c9000 	C:\Program Files\Java\jdk-17\bin\management.dll
0x00007ffbb72b0000 - 0x00007ffbb72bb000 	C:\Program Files\Java\jdk-17\bin\management_ext.dll
0x00007ffbd6f30000 - 0x00007ffbd6f48000 	C:\Windows\SYSTEM32\CRYPTSP.dll
0x00007ffbd65a0000 - 0x00007ffbd65d4000 	C:\Windows\system32\rsaenh.dll
0x00007ffbd74e0000 - 0x00007ffbd750e000 	C:\Windows\SYSTEM32\USERENV.dll
0x00007ffbd6df0000 - 0x00007ffbd6dfc000 	C:\Windows\SYSTEM32\CRYPTBASE.dll
0x00007ffbcfb30000 - 0x00007ffbcfb47000 	C:\Windows\SYSTEM32\dhcpcsvc6.DLL
0x00007ffbcfb10000 - 0x00007ffbcfb2d000 	C:\Windows\SYSTEM32\dhcpcsvc.DLL
0x00007ffbb0e10000 - 0x00007ffbb0e27000 	C:\Windows\system32\napinsp.dll
0x00007ffbb0df0000 - 0x00007ffbb0e0b000 	C:\Windows\system32\pnrpnsp.dll
0x00007ffbd2000000 - 0x00007ffbd2015000 	C:\Windows\system32\wshbth.dll
0x00007ffbd2a70000 - 0x00007ffbd2a8d000 	C:\Windows\system32\NLAapi.dll
0x00007ffbb0dd0000 - 0x00007ffbb0de2000 	C:\Windows\System32\winrnr.dll

dbghelp: loaded successfully - version: 4.0.5 - missing functions: none
symbol engine: initialized successfully - sym options: 0x614 - pdb path: .;C:\Program Files\Java\jdk-17\bin;C:\Windows\SYSTEM32;C:\Windows\WinSxS\amd64_microsoft.windows.common-controls_6595b64144ccf1df_6.0.19041.1110_none_60b5254171f9507e;C:\Program Files\Java\jdk-17\bin\server;C:\Users\tailu\AppData\Local\JetBrains\Toolbox\apps\IDEA-U\ch-0\222.4345.14\bin

VM Arguments:
jvm_args: -XX:TieredStopAtLevel=1 -Dspring.output.ansi.enabled=always -Dcom.sun.management.jmxremote -Dspring.jmx.enabled=true -Dspring.liveBeansView.mbeanDomain -Dspring.application.admin.enabled=true -javaagent:C:\Users\tailu\AppData\Local\JetBrains\Toolbox\apps\IDEA-U\ch-0\222.4345.14\lib\idea_rt.jar=42684:C:\Users\tailu\AppData\Local\JetBrains\Toolbox\apps\IDEA-U\ch-0\222.4345.14\bin -Dfile.encoding=UTF-8 
java_command: com.example.sgxdeploymentframeworkbackend.SgxDeploymentFrameworkBackendApplication
java_class_path (initial): D:\FUCKULTATE\An4\Thesis\sgx-deployment-framework-backend\target\classes;C:\Users\tailu\.m2\repository\org\springframework\boot\spring-boot-starter-web\3.0.5\spring-boot-starter-web-3.0.5.jar;C:\Users\tailu\.m2\repository\org\springframework\boot\spring-boot-starter\3.0.5\spring-boot-starter-3.0.5.jar;C:\Users\tailu\.m2\repository\org\springframework\boot\spring-boot\3.0.5\spring-boot-3.0.5.jar;C:\Users\tailu\.m2\repository\org\springframework\boot\spring-boot-autoconfigure\3.0.5\spring-boot-autoconfigure-3.0.5.jar;C:\Users\tailu\.m2\repository\org\springframework\boot\spring-boot-starter-logging\3.0.5\spring-boot-starter-logging-3.0.5.jar;C:\Users\tailu\.m2\repository\ch\qos\logback\logback-classic\1.4.6\logback-classic-1.4.6.jar;C:\Users\tailu\.m2\repository\ch\qos\logback\logback-core\1.4.6\logback-core-1.4.6.jar;C:\Users\tailu\.m2\repository\org\apache\logging\log4j\log4j-to-slf4j\2.19.0\log4j-to-slf4j-2.19.0.jar;C:\Users\tailu\.m2\repository\org\apache\logging\log4j\log4j-api\2.19.0\log4j-api-2.19.0.jar;C:\Users\tailu\.m2\repository\org\slf4j\jul-to-slf4j\2.0.7\jul-to-slf4j-2.0.7.jar;C:\Users\tailu\.m2\repository\jakarta\annotation\jakarta.annotation-api\2.1.1\jakarta.annotation-api-2.1.1.jar;C:\Users\tailu\.m2\repository\org\yaml\snakeyaml\1.33\snakeyaml-1.33.jar;C:\Users\tailu\.m2\repository\org\springframework\boot\spring-boot-starter-json\3.0.5\spring-boot-starter-json-3.0.5.jar;C:\Users\tailu\.m2\repository\com\fasterxml\jackson\datatype\jackson-datatype-jdk8\2.14.2\jackson-datatype-jdk8-2.14.2.jar;C:\Users\tailu\.m2\repository\com\fasterxml\jackson\datatype\jackson-datatype-jsr310\2.14.2\jackson-datatype-jsr310-2.14.2.jar;C:\Users\tailu\.m2\repository\com\fasterxml\jackson\module\jackson-module-parameter-names\2.14.2\jackson-module-parameter-names-2.14.2.jar;C:\Users\tailu\.m2\repository\org\springframework\boot\spring-boot-starter-tomcat\3.0.5\spring-boot-starter-tomcat-3.0.5.jar;C:\Users\tailu\.m2\repository\org\apache\tomca
Launcher Type: SUN_STANDARD

[Global flags]
     intx CICompilerCount                          = 12                                        {product} {ergonomic}
     uint ConcGCThreads                            = 3                                         {product} {ergonomic}
     uint G1ConcRefinementThreads                  = 13                                        {product} {ergonomic}
   size_t G1HeapRegionSize                         = 2097152                                   {product} {ergonomic}
    uintx GCDrainStackTargetSize                   = 64                                        {product} {ergonomic}
   size_t InitialHeapSize                          = 260046848                                 {product} {ergonomic}
     bool ManagementServer                         = true                                      {product} {command line}
   size_t MarkStackSize                            = 4194304                                   {product} {ergonomic}
   size_t MaxHeapSize                              = 4139778048                                {product} {ergonomic}
   size_t MaxNewSize                               = 2483027968                                {product} {ergonomic}
   size_t MinHeapDeltaBytes                        = 2097152                                   {product} {ergonomic}
   size_t MinHeapSize                              = 8388608                                   {product} {ergonomic}
    uintx NonProfiledCodeHeapSize                  = 0                                      {pd product} {ergonomic}
     bool ProfileInterpreter                       = false                                  {pd product} {command line}
    uintx ProfiledCodeHeapSize                     = 0                                      {pd product} {ergonomic}
   size_t SoftMaxHeapSize                          = 4139778048                             {manageable} {ergonomic}
     intx TieredStopAtLevel                        = 1                                         {product} {command line}
     bool UseCompressedClassPointers               = true                           {product lp64_product} {ergonomic}
     bool UseCompressedOops                        = true                           {product lp64_product} {ergonomic}
     bool UseG1GC                                  = true                                      {product} {ergonomic}
     bool UseLargePagesIndividualAllocation        = false                                  {pd product} {ergonomic}

Logging:
Log output configuration:
 #0: stdout all=warning uptime,level,tags
 #1: stderr all=off uptime,level,tags

Environment Variables:
JAVA_HOME=C:\Program Files\Java\jdk-17
PATH=C:\Program Files\Microsoft MPI\Bin\;C:\Program Files (x86)\Microsoft SDKs\Azure\CLI2\wbin;C:\opencv\build\bin;C:\Program Files\Common Files\Oracle\Java\javapath;C:\Windows\system32;C:\Windows;C:\Windows\System32\Wbem;C:\Windows\System32\WindowsPowerShell\v1.0\;C:\Windows\System32\OpenSSH\;C:\Program Files\Git\cmd;C:\Program Files\PuTTY\;C:\Program Files\Amazon\AWSCLIV2\;C:\Program Files\dotnet\;C:\Program Files\Microsoft SQL Server\130\Tools\Binn\;C:\Program Files\Microsoft SQL Server\Client SDK\ODBC\170\Tools\Binn\;C:\ProgramData\chocolatey\bin;C:\Program Files (x86)\dotnet\;C:\apache-maven-3.8.3\bin;D:\javafx-sdk-17.0.2\bin;C:\Program Files\nodejs\;C:\Program Files\CMake\bin;C:\opencv\build\x64\vc15\bin;C:\Program Files\Docker\Docker\resources\bin;C:\ProgramData\DockerDesktop\version-bin;C:\Strawberry\c\bin;C:\Strawberry\perl\site\bin;C:\Strawberry\perl\bin;C:\protoc\bin;C:\protobuf-javascript-3.21.2-win64\bin;C:\condor\bin\;C:\Users\tailu\AppData\Local\Microsoft\WindowsApps;C:\Users\tailu\.dotnet\tools;C:\Users\tailu\AppData\Roaming\cabal\bin;C:\tools\ghc-9.0.1\bin;C:\tools\msys64;C:\Users\tailu\AppData\Local\Programs\Microsoft VS Code\bin;C:\Program Files (x86)\Nmap;C:\Users\tailu\AppData\Roaming\npm;C:\Users\tailu\AppData\Local\JetBrains\Toolbox\scripts;C:\texlive\2022\bin\win32
USERNAME=tailu
OS=Windows_NT
PROCESSOR_IDENTIFIER=AMD64 Family 23 Model 96 Stepping 1, AuthenticAMD



---------------  S Y S T E M  ---------------

OS:
 Windows 10 , 64 bit Build 19041 (10.0.19041.2788)
OS uptime: 0 days 6:10 hours
Hyper-V role detected

CPU: total 16 (initial active 16) (16 cores per cpu, 2 threads per core) family 23 model 96 stepping 1 microcode 0x0, cx8, cmov, fxsr, ht, mmx, 3dnowpref, sse, sse2, sse3, ssse3, sse4a, sse4.1, sse4.2, popcnt, lzcnt, tsc, tscinvbit, avx, avx2, aes, clmul, bmi1, bmi2, adx, sha, fma, vzeroupper, clflush, clflushopt, hv

Memory: 4k page, system-wide physical 15791M (1809M free)
TotalPageFile size 33386M (AvailPageFile size 3M)
current process WorkingSet (physical memory assigned to process): 130M, peak: 130M
current process commit charge ("private bytes"): 381M, peak: 381M

vm_info: Java HotSpot(TM) 64-Bit Server VM (17+35-LTS-2724) for windows-amd64 JRE (17+35-LTS-2724), built on Aug  5 2021 23:28:28 by "mach5one" with MS VC++ 16.8 (VS2019)

END.
